<?xml version="1.0" encoding="UTF-8"?>
<testsuite name="com.example.MATE.MateApplicationTests" tests="1" skipped="0" failures="0" errors="0" timestamp="2025-01-16T17:56:33" hostname="DESKTOP-LINO8JL" time="0.731">
  <properties/>
  <testcase name="contextLoads()" classname="com.example.MATE.MateApplicationTests" time="0.731"/>
  <system-out><![CDATA[02:56:24.627 [Test worker] INFO org.springframework.test.context.support.AnnotationConfigContextLoaderUtils -- Could not detect default configuration classes for test class [com.example.MATE.MateApplicationTests]: MateApplicationTests does not declare any static, non-private, non-final, nested classes annotated with @Configuration.
02:56:24.808 [Test worker] INFO org.springframework.boot.test.context.SpringBootTestContextBootstrapper -- Found @SpringBootConfiguration com.example.MATE.MateApplication for test class com.example.MATE.MateApplicationTests

  .   ____          _            __ _ _
 /\\ / ___'_ __ _ _(_)_ __  __ _ \ \ \ \
( ( )\___ | '_ | '_| | '_ \/ _` | \ \ \ \
 \\/  ___)| |_)| | | | | || (_| |  ) ) ) )
  '  |____| .__|_| |_|_| |_\__, | / / / /
 =========|_|==============|___/=/_/_/_/

 :: Spring Boot ::                (v3.3.7)

2025-01-17T02:56:25.437+09:00  INFO 4500 --- [MATE] [    Test worker] com.example.MATE.MateApplicationTests    : Starting MateApplicationTests using Java 17.0.13 with PID 4500 (started by User in C:\Users\User\MATE_Aivle_BP\backend\MATE)
2025-01-17T02:56:25.440+09:00  INFO 4500 --- [MATE] [    Test worker] com.example.MATE.MateApplicationTests    : No active profile set, falling back to 1 default profile: "default"
2025-01-17T02:56:26.761+09:00  INFO 4500 --- [MATE] [    Test worker] .s.d.r.c.RepositoryConfigurationDelegate : Bootstrapping Spring Data JPA repositories in DEFAULT mode.
2025-01-17T02:56:26.838+09:00  INFO 4500 --- [MATE] [    Test worker] .s.d.r.c.RepositoryConfigurationDelegate : Finished Spring Data repository scanning in 54 ms. Found 0 JPA repository interfaces.
2025-01-17T02:56:27.481+09:00  WARN 4500 --- [MATE] [    Test worker] trationDelegate$BeanPostProcessorChecker : Bean 'org.springframework.ws.config.annotation.DelegatingWsConfiguration' of type [org.springframework.ws.config.annotation.DelegatingWsConfiguration$$SpringCGLIB$$0] is not eligible for getting processed by all BeanPostProcessors (for example: not eligible for auto-proxying). The currently created BeanPostProcessor [annotationActionEndpointMapping] is declared through a non-static factory method on that class; consider declaring it as static instead.
2025-01-17T02:56:27.523+09:00  INFO 4500 --- [MATE] [    Test worker] .w.s.a.s.AnnotationActionEndpointMapping : Supporting [WS-Addressing August 2004, WS-Addressing 1.0]
2025-01-17T02:56:27.989+09:00  INFO 4500 --- [MATE] [    Test worker] o.hibernate.jpa.internal.util.LogHelper  : HHH000204: Processing PersistenceUnitInfo [name: default]
2025-01-17T02:56:28.098+09:00  INFO 4500 --- [MATE] [    Test worker] org.hibernate.Version                    : HHH000412: Hibernate ORM core version 6.5.3.Final
2025-01-17T02:56:28.149+09:00  INFO 4500 --- [MATE] [    Test worker] o.h.c.internal.RegionFactoryInitiator    : HHH000026: Second-level cache disabled
2025-01-17T02:56:28.676+09:00  INFO 4500 --- [MATE] [    Test worker] o.s.o.j.p.SpringPersistenceUnitInfo      : No LoadTimeWeaver setup: ignoring JPA class transformer
2025-01-17T02:56:28.721+09:00  INFO 4500 --- [MATE] [    Test worker] com.zaxxer.hikari.HikariDataSource       : HikariPool-1 - Starting...
2025-01-17T02:56:29.482+09:00  INFO 4500 --- [MATE] [    Test worker] com.zaxxer.hikari.pool.HikariPool        : HikariPool-1 - Added connection com.mysql.cj.jdbc.ConnectionImpl@13aa54f1
2025-01-17T02:56:29.486+09:00  INFO 4500 --- [MATE] [    Test worker] com.zaxxer.hikari.HikariDataSource       : HikariPool-1 - Start completed.
2025-01-17T02:56:29.561+09:00  WARN 4500 --- [MATE] [    Test worker] org.hibernate.orm.deprecation            : HHH90000025: MySQL8Dialect does not need to be specified explicitly using 'hibernate.dialect' (remove the property setting and it will be selected by default)
2025-01-17T02:56:29.563+09:00  WARN 4500 --- [MATE] [    Test worker] org.hibernate.orm.deprecation            : HHH90000026: MySQL8Dialect has been deprecated; use org.hibernate.dialect.MySQLDialect instead
2025-01-17T02:56:31.228+09:00  INFO 4500 --- [MATE] [    Test worker] j.LocalContainerEntityManagerFactoryBean : Initialized JPA EntityManagerFactory for persistence unit 'default'
====================================
===> Server Domain : localhost
====================================
2025-01-17T02:56:32.854+09:00  WARN 4500 --- [MATE] [    Test worker] .s.s.UserDetailsServiceAutoConfiguration : 

Using generated security password: db6d6de5-9ec6-4500-bf02-a2062b5f419f

This generated password is for development use only. Your security configuration must be updated before running your application in production.

2025-01-17T02:56:32.915+09:00  INFO 4500 --- [MATE] [    Test worker] r$InitializeUserDetailsManagerConfigurer : Global AuthenticationManager configured with UserDetailsService bean with name inMemoryUserDetailsManager
2025-01-17T02:56:33.408+09:00  INFO 4500 --- [MATE] [    Test worker] o.s.m.s.b.SimpleBrokerMessageHandler     : Starting...
2025-01-17T02:56:33.409+09:00  INFO 4500 --- [MATE] [    Test worker] o.s.m.s.b.SimpleBrokerMessageHandler     : BrokerAvailabilityEvent[available=true, SimpleBrokerMessageHandler [org.springframework.messaging.simp.broker.DefaultSubscriptionRegistry@52bcd7c9]]
2025-01-17T02:56:33.411+09:00  INFO 4500 --- [MATE] [    Test worker] o.s.m.s.b.SimpleBrokerMessageHandler     : Started.
2025-01-17T02:56:33.443+09:00  INFO 4500 --- [MATE] [    Test worker] com.example.MATE.MateApplicationTests    : Started MateApplicationTests in 8.389 seconds (process running for 10.13)
]]></system-out>
  <system-err><![CDATA[]]></system-err>
</testsuite>
